<?xml version="1.0" encoding="utf-8"?><testsuites name="pytest tests"><testsuite name="pytest" errors="0" failures="1" skipped="0" tests="25" time="407.344" timestamp="2026-03-23T13:01:54.748662+00:00" hostname="agent-env-06c4cd58-9b8b-4458-8dd7-0623f67cf41e"><testcase classname="test_reports.pytest.test_edupilot_features.TestAuthentication" name="test_super_admin_login_success" time="13.155" /><testcase classname="test_reports.pytest.test_edupilot_features.TestAuthentication" name="test_school_admin_login_success" time="13.192" /><testcase classname="test_reports.pytest.test_edupilot_features.TestAuthentication" name="test_invalid_credentials_rejected" time="13.138"><failure message="AttributeError: 'NoneType' object has no attribute 'get'">test_reports/pytest/test_edupilot_features.py:102: in test_invalid_credentials_rejected
    assert session_info.get("user") is None or "user" not in session_info or session_info == {}
           ^^^^^^^^^^^^^^^^
E   AttributeError: 'NoneType' object has no attribute 'get'</failure></testcase><testcase classname="test_reports.pytest.test_edupilot_features.TestRBAC" name="test_super_admin_has_all_permissions" time="21.936" /><testcase classname="test_reports.pytest.test_edupilot_features.TestRBAC" name="test_school_admin_has_school_permissions" time="21.921" /><testcase classname="test_reports.pytest.test_edupilot_features.TestRBAC" name="test_super_admin_can_access_schools_api" time="21.918" /><testcase classname="test_reports.pytest.test_edupilot_features.TestRBAC" name="test_school_admin_can_access_finance_api" time="30.576" /><testcase classname="test_reports.pytest.test_edupilot_features.TestMultiTenancy" name="test_school_admin_cannot_access_other_school_data" time="21.889" /><testcase classname="test_reports.pytest.test_edupilot_features.TestMultiTenancy" name="test_school_admin_cannot_access_other_school_students" time="21.889" /><testcase classname="test_reports.pytest.test_edupilot_features.TestMultiTenancy" name="test_school_admin_cannot_access_other_school_finance" time="21.887" /><testcase classname="test_reports.pytest.test_edupilot_features.TestMultiTenancy" name="test_super_admin_can_access_any_school" time="21.900" /><testcase classname="test_reports.pytest.test_edupilot_features.TestFinanceModule" name="test_finance_dashboard_returns_correct_structure" time="13.109" /><testcase classname="test_reports.pytest.test_edupilot_features.TestFinanceModule" name="test_finance_stats_returns_correct_structure" time="13.115" /><testcase classname="test_reports.pytest.test_edupilot_features.TestFinanceModule" name="test_finance_fees_api" time="13.111" /><testcase classname="test_reports.pytest.test_edupilot_features.TestFinanceModule" name="test_finance_payments_api" time="13.106" /><testcase classname="test_reports.pytest.test_edupilot_features.TestClassesManagement" name="test_classes_list_api" time="13.146" /><testcase classname="test_reports.pytest.test_edupilot_features.TestClassesManagement" name="test_classes_search" time="13.125" /><testcase classname="test_reports.pytest.test_edupilot_features.TestStudentsManagement" name="test_students_list_api" time="13.101" /><testcase classname="test_reports.pytest.test_edupilot_features.TestStudentsManagement" name="test_students_search" time="13.187" /><testcase classname="test_reports.pytest.test_edupilot_features.TestStudentsManagement" name="test_students_filter_by_status" time="13.137" /><testcase classname="test_reports.pytest.test_edupilot_features.TestAPISecurity" name="test_unauthenticated_access_blocked" time="21.530" /><testcase classname="test_reports.pytest.test_edupilot_features.TestAPISecurity" name="test_csrf_protection" time="4.352" /><testcase classname="test_reports.pytest.test_edupilot_features.TestDashboardNavigation" name="test_academic_years_api" time="13.125" /><testcase classname="test_reports.pytest.test_edupilot_features.TestDashboardNavigation" name="test_class_levels_api" time="13.564" /><testcase classname="test_reports.pytest.test_edupilot_features.TestDashboardNavigation" name="test_schools_api" time="13.064" /></testsuite></testsuites>